<?xml version="1.0" encoding="UTF-8"?>
<!-- Generated by org.testng.reporters.JUnitReportReporter -->
<testsuite hostname="LAPTOP-JNF6PB7H" failures="0" tests="3" name="seleniumpract1.TestNG1" time="0.014" errors="0" timestamp="2022-05-05T21:59:45 IST" skipped="0">
  <testcase classname="seleniumpract1.TestNG1" name="Abc" time="0.013"/>
  <system-out>
    <![CDATA[ABC method is running..]]>
  </system-out>
  <testcase classname="seleniumpract1.TestNG1" name="Test2" time="0.001"/>
  <system-out>
    <![CDATA[Test2 Method is running]]>
  </system-out>
  <testcase classname="seleniumpract1.TestNG1" name="test1" time="0.000"/>
  <system-out>
    <![CDATA[Test1 method is running]]>
  </system-out>
</testsuite> <!-- seleniumpract1.TestNG1 -->
