<?xml version="1.0" encoding="UTF-8"?>
<!-- Generated by org.testng.reporters.JUnitReportReporter -->
<testsuite hostname="LAPTOP-JNF6PB7H" failures="0" tests="1" name="practise.Alert1" time="7.558" errors="0" timestamp="2022-03-25T22:43:32 IST" skipped="0">
  <testcase classname="practise.Alert1" name="test1" time="7.558"/>
  <system-out/>
</testsuite> <!-- practise.Alert1 -->
