<?xml version="1.0" encoding="UTF-8"?>
<!-- Generated by org.testng.reporters.JUnitReportReporter -->
<testsuite hostname="LAPTOP-JNF6PB7H" failures="0" tests="2" name="testng1.SampleTest15" time="0.012" errors="0" timestamp="2022-05-08T12:20:20 IST" skipped="0">
  <testcase classname="testng1.SampleTest15" name="sample2" time="0.006"/>
  <system-out>
    <![CDATA[Sample2 method is running]]>
  </system-out>
  <testcase classname="testng1.SampleTest15" name="sample" time="0.006"/>
  <system-out>
    <![CDATA[Sample method is running..]]>
  </system-out>
</testsuite> <!-- testng1.SampleTest15 -->
