<?xml version="1.0" encoding="UTF-8"?>
<!-- Generated by org.testng.reporters.JUnitReportReporter -->
<testsuite hostname="LAPTOP-JNF6PB7H" failures="0" tests="1" name="testt.LinkTest1" time="7.786" errors="0" timestamp="2022-05-04T23:17:54 IST" skipped="0">
  <testcase classname="testt.LinkTest1" name="linktest" time="7.786"/>
  <system-out>
    <![CDATA[Size of the links:26
The visible links are:20
The invisible links are:6]]>
  </system-out>
</testsuite> <!-- testt.LinkTest1 -->
