<?xml version="1.0" encoding="UTF-8"?>
<!-- Generated by org.testng.reporters.JUnitReportReporter -->
<testsuite hostname="LAPTOP-JNF6PB7H" failures="0" tests="1" name="practise.DropDown3" time="7.011" errors="0" timestamp="2022-03-24T22:41:16 IST" skipped="0">
  <testcase classname="practise.DropDown3" name="test1" time="7.011"/>
  <system-out/>
</testsuite> <!-- practise.DropDown3 -->
