<?xml version="1.0" encoding="UTF-8"?>
<!-- Generated by org.testng.reporters.JUnitReportReporter -->
<testsuite hostname="LAPTOP-JNF6PB7H" failures="0" tests="1" name="testng1.SampleTest14" time="0.004" errors="0" timestamp="2022-05-08T11:45:30 IST" skipped="0">
  <testcase classname="testng1.SampleTest14" name="test1" time="0.004"/>
  <system-out>
    <![CDATA[Test1 method is running]]>
  </system-out>
</testsuite> <!-- testng1.SampleTest14 -->
