<?xml version="1.0" encoding="UTF-8"?>
<!-- Generated by org.testng.reporters.JUnitReportReporter -->
<testsuite hostname="LAPTOP-JNF6PB7H" failures="0" tests="1" name="testng.Assert2" time="0.008" errors="0" timestamp="2022-04-07T00:19:26 IST" skipped="0">
  <testcase classname="testng.Assert2" name="data" time="0.008"/>
  <system-out/>
</testsuite> <!-- testng.Assert2 -->
