<?xml version="1.0" encoding="UTF-8"?>
<!-- Generated by org.testng.reporters.JUnitReportReporter -->
<testsuite hostname="LAPTOP-JNF6PB7H" failures="0" tests="1" name="practise.DropDown4" time="43.350" errors="0" timestamp="2022-03-24T22:59:23 IST" skipped="0">
  <testcase classname="practise.DropDown4" name="test1" time="43.350"/>
  <system-out/>
</testsuite> <!-- practise.DropDown4 -->
