<?xml version="1.0" encoding="UTF-8"?>
<!-- Generated by org.testng.reporters.JUnitReportReporter -->
<testsuite hostname="LAPTOP-JNF6PB7H" failures="0" tests="1" name="test.TestInstagramlogin" time="10.521" errors="0" timestamp="2022-01-31T22:24:08 IST" skipped="0">
  <testcase classname="test.TestInstagramlogin" name="loginpage" time="10.521"/>
  <system-out/>
</testsuite> <!-- test.TestInstagramlogin -->
