<?xml version="1.0" encoding="UTF-8"?>
<!-- Generated by org.testng.reporters.JUnitReportReporter -->
<testsuite hostname="LAPTOP-JNF6PB7H" failures="0" tests="10" name="seleniumpract1.TestNG2" time="0.025" errors="0" timestamp="2022-05-05T22:07:09 IST" skipped="0">
  <testcase classname="seleniumpract1.TestNG2" name="Methhod1" time="0.001"/>
  <system-out>
    <![CDATA[Method1 is running..]]>
  </system-out>
  <testcase classname="seleniumpract1.TestNG2" name="Methhod1" time="0.002"/>
  <system-out>
    <![CDATA[Method1 is running..]]>
  </system-out>
  <testcase classname="seleniumpract1.TestNG2" name="Methhod1" time="0.001"/>
  <system-out>
    <![CDATA[Method1 is running..]]>
  </system-out>
  <testcase classname="seleniumpract1.TestNG2" name="Methhod1" time="0.001"/>
  <system-out>
    <![CDATA[Method1 is running..]]>
  </system-out>
  <testcase classname="seleniumpract1.TestNG2" name="Methhod1" time="0.008"/>
  <system-out>
    <![CDATA[Method1 is running..]]>
  </system-out>
  <testcase classname="seleniumpract1.TestNG2" name="Methhod1" time="0.002"/>
  <system-out>
    <![CDATA[Method1 is running..]]>
  </system-out>
  <testcase classname="seleniumpract1.TestNG2" name="Methhod1" time="0.006"/>
  <system-out>
    <![CDATA[Method1 is running..]]>
  </system-out>
  <testcase classname="seleniumpract1.TestNG2" name="Methhod1" time="0.002"/>
  <system-out>
    <![CDATA[Method1 is running..]]>
  </system-out>
  <testcase classname="seleniumpract1.TestNG2" name="Methhod1" time="0.001"/>
  <system-out>
    <![CDATA[Method1 is running..]]>
  </system-out>
  <testcase classname="seleniumpract1.TestNG2" name="Methhod1" time="0.001"/>
  <system-out>
    <![CDATA[Method1 is running..]]>
  </system-out>
</testsuite> <!-- seleniumpract1.TestNG2 -->
