<?xml version="1.0" encoding="UTF-8"?>
<!-- Generated by org.testng.reporters.JUnitReportReporter -->
<testsuite hostname="LAPTOP-JNF6PB7H" failures="0" tests="1" name="practise.Listbox4" time="10.561" errors="0" timestamp="2022-03-24T22:16:15 IST" skipped="0">
  <testcase classname="practise.Listbox4" name="test1" time="10.561"/>
  <system-out/>
</testsuite> <!-- practise.Listbox4 -->
