<?xml version="1.0" encoding="UTF-8"?>
<!-- Generated by org.testng.reporters.JUnitReportReporter -->
<testsuite hostname="LAPTOP-JNF6PB7H" failures="0" tests="2" name="practise.Iresult" time="0.015" errors="0" timestamp="2022-04-07T22:13:35 IST" skipped="0">
  <testcase classname="practise.Iresult" name="Sample1" time="0.012"/>
  <system-out>
    <![CDATA[Sample1 method is running]]>
  </system-out>
  <testcase classname="practise.Iresult" name="Sample2" time="0.003"/>
  <system-out>
    <![CDATA[Sample2 method is running]]>
  </system-out>
</testsuite> <!-- practise.Iresult -->
