<?xml version="1.0" encoding="UTF-8"?>
<!-- Generated by org.testng.reporters.JUnitReportReporter -->
<testsuite hostname="LAPTOP-JNF6PB7H" failures="0" tests="4" name="testng.DataProvider2" time="0.009" errors="0" timestamp="2022-04-06T23:51:22 IST" skipped="0">
  <testcase classname="testng.DataProvider2" name="test" time="0.002"/>
  <system-out>
    <![CDATA[Username is:Admin3
Password is:Password3
-----------------------------]]>
  </system-out>
  <testcase classname="testng.DataProvider2" name="test" time="0.001"/>
  <system-out>
    <![CDATA[Username is:Admin4
Password is:Password4
-----------------------------]]>
  </system-out>
  <testcase classname="testng.DataProvider2" name="test" time="0.001"/>
  <system-out>
    <![CDATA[Username is:Admin2
Password is:Password2
-----------------------------]]>
  </system-out>
  <testcase classname="testng.DataProvider2" name="test" time="0.005"/>
  <system-out>
    <![CDATA[Username is:Admin1
Password is:Password1
-----------------------------]]>
  </system-out>
</testsuite> <!-- testng.DataProvider2 -->
