<?xml version="1.0" encoding="UTF-8"?>
<!-- Generated by org.testng.reporters.JUnitReportReporter -->
<testsuite hostname="LAPTOP-JNF6PB7H" failures="0" tests="1" name="test.Testselecting" time="38.884" errors="0" timestamp="2022-02-01T01:30:46 IST" skipped="0">
  <testcase classname="test.Testselecting" name="login" time="38.884"/>
  <system-out>
    <![CDATA[Core Java for Automation Testers + Interview Programs]]>
  </system-out>
</testsuite> <!-- test.Testselecting -->
