<?xml version="1.0" encoding="UTF-8"?>
<!-- Generated by org.testng.reporters.JUnitReportReporter -->
<testsuite hostname="LAPTOP-JNF6PB7H" failures="0" tests="3" name="testng.TestNG2" time="0.002" errors="0" timestamp="2022-05-05T23:35:20 IST" skipped="1">
  <testcase classname="testng.TestNG2" name="samp3" time="0.001"/>
  <system-out/>
  <testcase classname="testng.TestNG2" name="samp2" time="0.001"/>
  <system-out/>
  <testcase classname="testng.TestNG2" name="samp">
    <skipped/>
  </testcase> <!-- samp -->
  <system-out/>
</testsuite> <!-- testng.TestNG2 -->
