<?xml version="1.0" encoding="UTF-8"?>
<!-- Generated by org.testng.reporters.JUnitReportReporter -->
<testsuite hostname="LAPTOP-JNF6PB7H" failures="0" tests="3" name="testng1.SampleTest6" time="0.008" errors="0" timestamp="2022-05-06T23:22:54 IST" skipped="0">
  <testcase classname="testng1.SampleTest6" name="method1" time="0.006"/>
  <system-out/>
  <testcase classname="testng1.SampleTest6" name="method1" time="0.001"/>
  <system-out/>
  <testcase classname="testng1.SampleTest6" name="method1" time="0.001"/>
  <system-out/>
</testsuite> <!-- testng1.SampleTest6 -->
