<?xml version="1.0" encoding="UTF-8"?>
<!-- Generated by org.testng.reporters.JUnitReportReporter -->
<testsuite hostname="LAPTOP-JNF6PB7H" failures="0" tests="1" name="test.TestDragdropinframe" time="8.227" errors="0" timestamp="2022-01-18T22:01:31 IST" skipped="0">
  <testcase classname="test.TestDragdropinframe" name="samp" time="8.227"/>
  <system-out/>
</testsuite> <!-- test.TestDragdropinframe -->
