<?xml version="1.0" encoding="UTF-8"?>
<!-- Generated by org.testng.reporters.JUnitReportReporter -->
<testsuite hostname="LAPTOP-JNF6PB7H" failures="0" tests="1" name="practise.ChildBrowserPopup2" time="11.818" errors="0" timestamp="2022-03-25T23:54:21 IST" skipped="0">
  <testcase classname="practise.ChildBrowserPopup2" name="test" time="11.818"/>
  <system-out/>
</testsuite> <!-- practise.ChildBrowserPopup2 -->
