<?xml version="1.0" encoding="UTF-8"?>
<!-- Generated by org.testng.reporters.JUnitReportReporter -->
<testsuite hostname="LAPTOP-JNF6PB7H" failures="0" tests="1" name="testng1.Flipkart" time="20.888" errors="0" timestamp="2022-05-10T23:12:23 IST" skipped="0">
  <testcase classname="testng1.Flipkart" name="Searchproduct" time="20.888"/>
  <system-out>
    <![CDATA[MamaEarth "Onion Hair Fall Shampoo for Hair Growth & Ha...]]>
  </system-out>
</testsuite> <!-- testng1.Flipkart -->
