<?xml version="1.0" encoding="UTF-8"?>
<!-- Generated by org.testng.reporters.JUnitReportReporter -->
<testsuite hostname="LAPTOP-JNF6PB7H" failures="0" tests="1" name="testng1.SampleTest16" time="0.003" errors="0" timestamp="2022-05-09T22:23:41 IST" skipped="0">
  <testcase classname="testng1.SampleTest16" name="test1" time="0.003"/>
  <system-out>
    <![CDATA[Test1 Method is running]]>
  </system-out>
</testsuite> <!-- testng1.SampleTest16 -->
