<?xml version="1.0" encoding="UTF-8"?>
<!-- Generated by org.testng.reporters.JUnitReportReporter -->
<testsuite hostname="LAPTOP-JNF6PB7H" failures="0" tests="3" name="testng.Priority1" time="0.016" errors="0" timestamp="2022-04-06T22:17:16 IST" skipped="0">
  <testcase classname="testng.Priority1" name="Test4" time="0.013"/>
  <system-out>
    <![CDATA[Test3-priority2 method is running..]]>
  </system-out>
  <testcase classname="testng.Priority1" name="Test2" time="0.003"/>
  <system-out>
    <![CDATA[Test2 negative priority method is running]]>
  </system-out>
  <testcase classname="testng.Priority1" name="Test1" time="0.000"/>
  <system-out>
    <![CDATA[Test1 method is running..]]>
  </system-out>
</testsuite> <!-- testng.Priority1 -->
