<?xml version="1.0" encoding="UTF-8"?>
<!-- Generated by org.testng.reporters.JUnitReportReporter -->
<testsuite hostname="LAPTOP-JNF6PB7H" failures="0" tests="1" name="practise.Js2" time="4.733" errors="0" timestamp="2022-03-25T00:11:51 IST" skipped="0">
  <testcase classname="practise.Js2" name="test" time="4.733"/>
  <system-out/>
</testsuite> <!-- practise.Js2 -->
