<?xml version="1.0" encoding="UTF-8"?>
<!-- Generated by org.testng.reporters.JUnitReportReporter -->
<testsuite hostname="LAPTOP-JNF6PB7H" failures="0" tests="3" name="testng.Dependson" time="0.010" errors="0" timestamp="2022-04-06T22:45:49 IST" skipped="0">
  <testcase classname="testng.Dependson" name="test1" time="0.007"/>
  <system-out>
    <![CDATA[Test1 method is running..]]>
  </system-out>
  <testcase classname="testng.Dependson" name="Test3" time="0.002"/>
  <system-out>
    <![CDATA[Test3 Method is running..]]>
  </system-out>
  <testcase classname="testng.Dependson" name="test2" time="0.001"/>
  <system-out>
    <![CDATA[Test2 method is running..]]>
  </system-out>
</testsuite> <!-- testng.Dependson -->
