<?xml version="1.0" encoding="UTF-8"?>
<!-- Generated by org.testng.reporters.JUnitReportReporter -->
<testsuite hostname="LAPTOP-JNF6PB7H" failures="0" tests="1" name="practise.Hidden_Division_Popup" time="12.738" errors="0" timestamp="2022-03-25T22:26:05 IST" skipped="0">
  <testcase classname="practise.Hidden_Division_Popup" name="test" time="12.738"/>
  <system-out>
    <![CDATA[error message is not matched..]]>
  </system-out>
</testsuite> <!-- practise.Hidden_Division_Popup -->
