<?xml version="1.0" encoding="UTF-8"?>
<!-- Generated by org.testng.reporters.JUnitReportReporter -->
<testsuite hostname="LAPTOP-JNF6PB7H" failures="0" tests="1" name="basics.Checkbox" time="16.974" errors="0" timestamp="2022-02-04T21:46:54 IST" skipped="0">
  <testcase classname="basics.Checkbox" name="test" time="16.974"/>
  <system-out/>
</testsuite> <!-- basics.Checkbox -->
