<?xml version="1.0" encoding="UTF-8"?>
<!-- Generated by org.testng.reporters.JUnitReportReporter -->
<testsuite hostname="LAPTOP-JNF6PB7H" failures="0" tests="1" name="practise.Js3" time="30.569" errors="0" timestamp="2022-03-25T00:35:12 IST" skipped="0">
  <testcase classname="practise.Js3" name="test" time="30.569"/>
  <system-out/>
</testsuite> <!-- practise.Js3 -->
