<?xml version="1.0" encoding="UTF-8"?>
<!-- Generated by org.testng.reporters.JUnitReportReporter -->
<testsuite hostname="LAPTOP-JNF6PB7H" failures="0" tests="1" name="practise.DropDown2" time="19.754" errors="0" timestamp="2022-03-24T22:38:05 IST" skipped="0">
  <testcase classname="practise.DropDown2" name="test1" time="19.754"/>
  <system-out/>
</testsuite> <!-- practise.DropDown2 -->
