<?xml version="1.0" encoding="UTF-8"?>
<!-- Generated by org.testng.reporters.JUnitReportReporter -->
<testsuite hostname="LAPTOP-JNF6PB7H" failures="0" tests="3" name="testng1.SampleTest5" time="0.002" errors="0" timestamp="2022-05-06T23:38:50 IST" skipped="1">
  <testcase classname="testng1.SampleTest5" name="test3" time="0.001"/>
  <system-out>
    <![CDATA[Test3 method is running]]>
  </system-out>
  <testcase classname="testng1.SampleTest5" name="test1" time="0.001"/>
  <system-out>
    <![CDATA[Test1 method is running]]>
  </system-out>
  <testcase classname="testng1.SampleTest5" name="test2">
    <skipped/>
  </testcase> <!-- test2 -->
  <system-out/>
</testsuite> <!-- testng1.SampleTest5 -->
