<?xml version="1.0" encoding="UTF-8"?>
<!-- Generated by org.testng.reporters.JUnitReportReporter -->
<testsuite hostname="LAPTOP-JNF6PB7H" failures="0" tests="12" name="testng.InvocationCount1" time="0.021" errors="0" timestamp="2022-04-06T22:27:05 IST" skipped="0">
  <testcase classname="testng.InvocationCount1" name="Test1" time="0.001"/>
  <system-out>
    <![CDATA[Method is 12 time running..]]>
  </system-out>
  <testcase classname="testng.InvocationCount1" name="Test1" time="0.000"/>
  <system-out>
    <![CDATA[Method is 12 time running..]]>
  </system-out>
  <testcase classname="testng.InvocationCount1" name="Test1" time="0.000"/>
  <system-out>
    <![CDATA[Method is 12 time running..]]>
  </system-out>
  <testcase classname="testng.InvocationCount1" name="Test1" time="0.001"/>
  <system-out>
    <![CDATA[Method is 12 time running..]]>
  </system-out>
  <testcase classname="testng.InvocationCount1" name="Test1" time="0.001"/>
  <system-out>
    <![CDATA[Method is 12 time running..]]>
  </system-out>
  <testcase classname="testng.InvocationCount1" name="Test1" time="0.008"/>
  <system-out>
    <![CDATA[Method is 12 time running..]]>
  </system-out>
  <testcase classname="testng.InvocationCount1" name="Test1" time="0.001"/>
  <system-out>
    <![CDATA[Method is 12 time running..]]>
  </system-out>
  <testcase classname="testng.InvocationCount1" name="Test1" time="0.005"/>
  <system-out>
    <![CDATA[Method is 12 time running..]]>
  </system-out>
  <testcase classname="testng.InvocationCount1" name="Test1" time="0.001"/>
  <system-out>
    <![CDATA[Method is 12 time running..]]>
  </system-out>
  <testcase classname="testng.InvocationCount1" name="Test1" time="0.001"/>
  <system-out>
    <![CDATA[Method is 12 time running..]]>
  </system-out>
  <testcase classname="testng.InvocationCount1" name="Test1" time="0.001"/>
  <system-out>
    <![CDATA[Method is 12 time running..]]>
  </system-out>
  <testcase classname="testng.InvocationCount1" name="Test1" time="0.001"/>
  <system-out>
    <![CDATA[Method is 12 time running..]]>
  </system-out>
</testsuite> <!-- testng.InvocationCount1 -->
