<?xml version="1.0" encoding="UTF-8"?>
<!-- Generated by org.testng.reporters.JUnitReportReporter -->
<testsuite hostname="LAPTOP-JNF6PB7H" failures="0" tests="4" name="testng.TestNG10" time="0.008" errors="0" timestamp="2022-05-05T23:35:20 IST" skipped="1">
  <testcase classname="testng.TestNG10" name="sample1" time="0.005"/>
  <system-out>
    <![CDATA[sample1 method is running..]]>
  </system-out>
  <testcase classname="testng.TestNG10" name="sample2" time="0.001"/>
  <system-out>
    <![CDATA[Sample2 method is running..]]>
  </system-out>
  <testcase classname="testng.TestNG10" name="sample4" time="0.002"/>
  <system-out>
    <![CDATA[Sample4 method is running..]]>
  </system-out>
  <testcase classname="testng.TestNG10" name="sample3">
    <skipped/>
  </testcase> <!-- sample3 -->
  <system-out/>
</testsuite> <!-- testng.TestNG10 -->
