<?xml version="1.0" encoding="UTF-8"?>
<!-- Generated by org.testng.reporters.JUnitReportReporter -->
<testsuite hostname="LAPTOP-JNF6PB7H" failures="0" tests="1" name="test.TestYatraaccCreation" time="8.833" errors="0" timestamp="2022-01-18T00:36:17 IST" skipped="0">
  <testcase classname="test.TestYatraaccCreation" name="samp1" time="8.833"/>
  <system-out/>
</testsuite> <!-- test.TestYatraaccCreation -->
