<?xml version="1.0" encoding="UTF-8"?>
<!-- Generated by org.testng.reporters.JUnitReportReporter -->
<testsuite hostname="LAPTOP-JNF6PB7H" failures="0" tests="1" name="test.Testalertpopup" time="30.503" errors="0" timestamp="2022-01-28T22:04:22 IST" skipped="0">
  <testcase classname="test.Testalertpopup" name="test" time="30.503"/>
  <system-out/>
</testsuite> <!-- test.Testalertpopup -->
