<?xml version="1.0" encoding="UTF-8"?>
<!-- Generated by org.testng.reporters.JUnitReportReporter -->
<testsuite hostname="LAPTOP-JNF6PB7H" failures="0" tests="1" name="practise.Alert3" time="16.983" errors="0" timestamp="2022-03-25T22:58:59 IST" skipped="0">
  <testcase classname="practise.Alert3" name="test" time="16.983"/>
  <system-out/>
</testsuite> <!-- practise.Alert3 -->
