<?xml version="1.0" encoding="UTF-8"?>
<!-- Generated by org.testng.reporters.JUnitReportReporter -->
<testsuite hostname="LAPTOP-JNF6PB7H" failures="0" tests="1" name="testng1.SampletTest2" time="0.000" errors="0" timestamp="2022-05-06T23:38:50 IST" skipped="0">
  <testcase classname="testng1.SampletTest2" name="method1" time="0.000"/>
  <system-out>
    <![CDATA[Shubham is here..]]>
  </system-out>
</testsuite> <!-- testng1.SampletTest2 -->
