<?xml version="1.0" encoding="UTF-8"?>
<!-- Generated by org.testng.reporters.JUnitReportReporter -->
<testsuite hostname="LAPTOP-JNF6PB7H" failures="0" tests="1" name="testng1.SampleTest4" time="0.001" errors="0" timestamp="2022-05-06T23:38:50 IST" skipped="0">
  <testcase classname="testng1.SampleTest4" name="ref1" time="0.001"/>
  <system-out>
    <![CDATA[Ref1 method is running]]>
  </system-out>
</testsuite> <!-- testng1.SampleTest4 -->
