<?xml version="1.0" encoding="UTF-8"?>
<!-- Generated by org.testng.reporters.JUnitReportReporter -->
<testsuite hostname="LAPTOP-JNF6PB7H" failures="0" tests="2" name="testng1.SampleTest17" time="0.006" errors="0" timestamp="2022-05-09T22:49:22 IST" skipped="0">
  <testcase classname="testng1.SampleTest17" name="Test1" time="0.005"/>
  <system-out>
    <![CDATA[Test1 Method is running]]>
  </system-out>
  <testcase classname="testng1.SampleTest17" name="Test2" time="0.001"/>
  <system-out>
    <![CDATA[Test2 Method is running]]>
  </system-out>
</testsuite> <!-- testng1.SampleTest17 -->
