<?xml version="1.0" encoding="UTF-8"?>
<!-- Generated by org.testng.reporters.JUnitReportReporter -->
<testsuite hostname="LAPTOP-JNF6PB7H" failures="0" tests="1" name="basics.Autos1" time="64.666" errors="0" timestamp="2022-02-03T00:40:53 IST" skipped="0">
  <testcase classname="basics.Autos1" name="selectautos" time="64.666"/>
  <system-out/>
</testsuite> <!-- basics.Autos1 -->
