<?xml version="1.0" encoding="UTF-8"?>
<!-- Generated by org.testng.reporters.JUnitReportReporter -->
<testsuite hostname="LAPTOP-JNF6PB7H" failures="0" tests="1" name="testng1.AutoIt2" time="5.636" errors="0" timestamp="2022-05-11T23:36:03 IST" skipped="0">
  <testcase classname="testng1.AutoIt2" name="fielupload" time="5.636"/>
  <system-out/>
</testsuite> <!-- testng1.AutoIt2 -->
