<?xml version="1.0" encoding="UTF-8"?>
<!-- Generated by org.testng.reporters.JUnitReportReporter -->
<testsuite hostname="LAPTOP-JNF6PB7H" failures="0" tests="4" name="seleniumpract1.TestNG3" time="0.010" errors="0" timestamp="2022-05-05T22:32:42 IST" skipped="0">
  <testcase classname="seleniumpract1.TestNG3" name="method2" time="0.001"/>
  <system-out>
    <![CDATA[Method2 is running..]]>
  </system-out>
  <testcase classname="seleniumpract1.TestNG3" name="method1" time="0.006"/>
  <system-out>
    <![CDATA[Method1 is running..]]>
  </system-out>
  <testcase classname="seleniumpract1.TestNG3" name="method4" time="0.002"/>
  <system-out>
    <![CDATA[Method4 is running..]]>
  </system-out>
  <testcase classname="seleniumpract1.TestNG3" name="method3" time="0.001"/>
  <system-out>
    <![CDATA[Method3 is running..]]>
  </system-out>
</testsuite> <!-- seleniumpract1.TestNG3 -->
