<?xml version="1.0" encoding="UTF-8"?>
<!-- Generated by org.testng.reporters.JUnitReportReporter -->
<testsuite hostname="LAPTOP-JNF6PB7H" failures="0" tests="9" name="testng.TestNG7" time="0.009" errors="0" timestamp="2022-05-05T23:35:20 IST" skipped="0">
  <testcase classname="testng.TestNG7" name="sample" time="0.000"/>
  <system-out>
    <![CDATA[Sample method is running..]]>
  </system-out>
  <testcase classname="testng.TestNG7" name="sample" time="0.001"/>
  <system-out>
    <![CDATA[Sample method is running..]]>
  </system-out>
  <testcase classname="testng.TestNG7" name="sample" time="0.000"/>
  <system-out>
    <![CDATA[Sample method is running..]]>
  </system-out>
  <testcase classname="testng.TestNG7" name="sample" time="0.001"/>
  <system-out>
    <![CDATA[Sample method is running..]]>
  </system-out>
  <testcase classname="testng.TestNG7" name="sample" time="0.002"/>
  <system-out>
    <![CDATA[Sample method is running..]]>
  </system-out>
  <testcase classname="testng.TestNG7" name="sample" time="0.001"/>
  <system-out>
    <![CDATA[Sample method is running..]]>
  </system-out>
  <testcase classname="testng.TestNG7" name="sample" time="0.001"/>
  <system-out>
    <![CDATA[Sample method is running..]]>
  </system-out>
  <testcase classname="testng.TestNG7" name="sample" time="0.002"/>
  <system-out>
    <![CDATA[Sample method is running..]]>
  </system-out>
  <testcase classname="testng.TestNG7" name="sample" time="0.001"/>
  <system-out>
    <![CDATA[Sample method is running..]]>
  </system-out>
</testsuite> <!-- testng.TestNG7 -->
