<?xml version="1.0" encoding="UTF-8"?>
<!-- Generated by org.testng.reporters.JUnitReportReporter -->
<testsuite hostname="LAPTOP-JNF6PB7H" failures="0" tests="2" name="testng1.SampleTest3" time="0.004" errors="0" timestamp="2022-05-06T23:38:50 IST" skipped="0">
  <testcase classname="testng1.SampleTest3" name="Demo1" time="0.003"/>
  <system-out>
    <![CDATA[Demo1 method is running]]>
  </system-out>
  <testcase classname="testng1.SampleTest3" name="Demo2" time="0.001"/>
  <system-out>
    <![CDATA[Demo2 Method is running]]>
  </system-out>
</testsuite> <!-- testng1.SampleTest3 -->
