<?xml version="1.0" encoding="UTF-8"?>
<!-- Generated by org.testng.reporters.JUnitReportReporter -->
<testsuite hostname="LAPTOP-JNF6PB7H" failures="0" tests="1" name="basics.MultipleElements" time="16.548" errors="0" timestamp="2022-02-02T23:25:24 IST" skipped="0">
  <testcase classname="basics.MultipleElements" name="test" time="16.548"/>
  <system-out/>
</testsuite> <!-- basics.MultipleElements -->
