<?xml version="1.0" encoding="UTF-8"?>
<!-- Generated by org.testng.reporters.JUnitReportReporter -->
<testsuite hostname="LAPTOP-JNF6PB7H" failures="0" tests="1" name="test.TestCountofLink" time="10.064" errors="0" timestamp="2022-01-17T22:18:40 IST" skipped="0">
  <testcase classname="test.TestCountofLink" name="sample_testcountoflink" time="10.064"/>
  <system-out/>
</testsuite> <!-- test.TestCountofLink -->
