<?xml version="1.0" encoding="UTF-8"?>
<!-- Generated by org.testng.reporters.JUnitReportReporter -->
<testsuite hostname="LAPTOP-JNF6PB7H" failures="0" tests="1" name="practise.ChildBroswerPopup" time="16.453" errors="0" timestamp="2022-03-25T23:30:02 IST" skipped="0">
  <testcase classname="practise.ChildBroswerPopup" name="test" time="16.453"/>
  <system-out/>
</testsuite> <!-- practise.ChildBroswerPopup -->
