<?xml version="1.0" encoding="UTF-8"?>
<!-- Generated by org.testng.reporters.JUnitReportReporter -->
<testsuite hostname="LAPTOP-JNF6PB7H" failures="0" tests="2" name="testng.TestNG12" time="0.002" errors="0" timestamp="2022-05-05T23:35:20 IST" skipped="0">
  <testcase classname="testng.TestNG12" name="sample" time="0.001"/>
  <system-out>
    <![CDATA[Data
Test]]>
  </system-out>
  <testcase classname="testng.TestNG12" name="sample" time="0.001"/>
  <system-out>
    <![CDATA[Admin
User]]>
  </system-out>
</testsuite> <!-- testng.TestNG12 -->
