<?xml version="1.0" encoding="UTF-8"?>
<!-- Generated by org.testng.reporters.JUnitReportReporter -->
<testsuite hostname="LAPTOP-JNF6PB7H" failures="0" tests="2" name="testng.TestNG9" time="0.001" errors="0" timestamp="2022-05-05T23:35:20 IST" skipped="0">
  <testcase classname="testng.TestNG9" name="method2" time="0.001"/>
  <system-out>
    <![CDATA[method2 is running..]]>
  </system-out>
  <testcase classname="testng.TestNG9" name="method1" time="0.000"/>
  <system-out>
    <![CDATA[method1 is running..]]>
  </system-out>
</testsuite> <!-- testng.TestNG9 -->
