<?xml version="1.0" encoding="UTF-8"?>
<!-- Generated by org.testng.reporters.JUnitReportReporter -->
<testsuite hostname="LAPTOP-JNF6PB7H" failures="0" tests="6" name="testng.TestNG8" time="0.003" errors="0" timestamp="2022-05-05T23:35:20 IST" skipped="0">
  <testcase classname="testng.TestNG8" name="sendingrequest" time="0.001"/>
  <system-out>
    <![CDATA[sending request method is running..]]>
  </system-out>
  <testcase classname="testng.TestNG8" name="commentingonpost" time="0.001"/>
  <system-out>
    <![CDATA[commenting on post method is running..]]>
  </system-out>
  <testcase classname="testng.TestNG8" name="createaccount" time="0.000"/>
  <system-out>
    <![CDATA[create account method is running..]]>
  </system-out>
  <testcase classname="testng.TestNG8" name="login" time="0.000"/>
  <system-out>
    <![CDATA[login method is running..]]>
  </system-out>
  <testcase classname="testng.TestNG8" name="changepassword" time="0.000"/>
  <system-out>
    <![CDATA[change password method is running..]]>
  </system-out>
  <testcase classname="testng.TestNG8" name="logout" time="0.001"/>
  <system-out>
    <![CDATA[logount method is running..]]>
  </system-out>
</testsuite> <!-- testng.TestNG8 -->
