<?xml version="1.0" encoding="UTF-8"?>
<!-- Generated by org.testng.reporters.JUnitReportReporter -->
<testsuite hostname="LAPTOP-JNF6PB7H" failures="0" tests="3" name="testng1.SampleTest12" time="0.011" errors="0" timestamp="2022-05-08T10:45:24 IST" skipped="0">
  <testcase classname="testng1.SampleTest12" name="testmethod2" time="0.001"/>
  <system-out/>
  <testcase classname="testng1.SampleTest12" name="sample1" time="0.001"/>
  <system-out>
    <![CDATA[Sample method is running]]>
  </system-out>
  <testcase classname="testng1.SampleTest12" name="testmethod1" time="0.009"/>
  <system-out/>
</testsuite> <!-- testng1.SampleTest12 -->
