<?xml version="1.0" encoding="UTF-8"?>
<!-- Generated by org.testng.reporters.JUnitReportReporter -->
<testsuite hostname="LAPTOP-JNF6PB7H" failures="0" tests="1" name="basics.Script46" time="11.803" errors="0" timestamp="2022-01-17T22:04:57 IST" skipped="0">
  <testcase classname="basics.Script46" name="test_script46" time="11.803"/>
  <system-out/>
</testsuite> <!-- basics.Script46 -->
