<?xml version="1.0" encoding="UTF-8"?>
<!-- Generated by org.testng.reporters.JUnitReportReporter -->
<testsuite hostname="LAPTOP-JNF6PB7H" failures="0" tests="1" name="practise.Alert4" time="11.874" errors="0" timestamp="2022-03-25T23:02:21 IST" skipped="0">
  <testcase classname="practise.Alert4" name="test" time="11.874"/>
  <system-out/>
</testsuite> <!-- practise.Alert4 -->
