<?xml version="1.0" encoding="UTF-8"?>
<!-- Generated by org.testng.reporters.JUnitReportReporter -->
<testsuite hostname="LAPTOP-JNF6PB7H" failures="0" tests="1" name="testng.Priority2" time="0.006" errors="0" timestamp="2022-04-06T22:25:25 IST" skipped="0">
  <testcase classname="testng.Priority2" name="abc" time="0.006"/>
  <system-out>
    <![CDATA[mnp method is running..]]>
  </system-out>
</testsuite> <!-- testng.Priority2 -->
