<?xml version="1.0" encoding="UTF-8"?>
<!-- Generated by org.testng.reporters.JUnitReportReporter -->
<testsuite hostname="LAPTOP-JNF6PB7H" failures="0" tests="1" name="basics.Imgattribute" time="5.940" errors="0" timestamp="2022-02-02T23:39:09 IST" skipped="0">
  <testcase classname="basics.Imgattribute" name="img" time="5.940"/>
  <system-out/>
</testsuite> <!-- basics.Imgattribute -->
