<?xml version="1.0" encoding="UTF-8"?>
<!-- Generated by org.testng.reporters.JUnitReportReporter -->
<testsuite hostname="LAPTOP-JNF6PB7H" failures="0" tests="1" name="testng1.SampleTest7" time="0.001" errors="0" timestamp="2022-05-06T23:38:50 IST" skipped="0">
  <testcase classname="testng1.SampleTest7" name="login" time="0.001"/>
  <system-out/>
</testsuite> <!-- testng1.SampleTest7 -->
