<?xml version="1.0" encoding="UTF-8"?>
<!-- Generated by org.testng.reporters.JUnitReportReporter -->
<testsuite hostname="LAPTOP-JNF6PB7H" failures="0" tests="1" name="testng1.SampleTest1" time="0.011" errors="0" timestamp="2022-05-06T23:38:50 IST" skipped="0">
  <testcase classname="testng1.SampleTest1" name="test1" time="0.011"/>
  <system-out>
    <![CDATA[Test1 method is running]]>
  </system-out>
</testsuite> <!-- testng1.SampleTest1 -->
