<?xml version="1.0" encoding="UTF-8"?>
<!-- Generated by org.testng.reporters.JUnitReportReporter -->
<testsuite hostname="LAPTOP-JNF6PB7H" failures="0" tests="3" name="testng.Dataprovider1" time="0.008" errors="0" timestamp="2022-04-06T23:44:31 IST" skipped="0">
  <testcase classname="testng.Dataprovider1" name="data" time="0.000"/>
  <system-out>
    <![CDATA[Sham]]>
  </system-out>
  <testcase classname="testng.Dataprovider1" name="data" time="0.001"/>
  <system-out>
    <![CDATA[Nikhil]]>
  </system-out>
  <testcase classname="testng.Dataprovider1" name="data" time="0.007"/>
  <system-out>
    <![CDATA[Shubham]]>
  </system-out>
</testsuite> <!-- testng.Dataprovider1 -->
