<?xml version="1.0" encoding="UTF-8"?>
<!-- Generated by org.testng.reporters.JUnitReportReporter -->
<testsuite hostname="LAPTOP-JNF6PB7H" failures="0" tests="1" name="practise.Alert2" time="26.942" errors="0" timestamp="2022-03-25T22:50:02 IST" skipped="0">
  <testcase classname="practise.Alert2" name="test" time="26.942"/>
  <system-out/>
</testsuite> <!-- practise.Alert2 -->
