<?xml version="1.0" encoding="UTF-8"?>
<!-- Generated by org.testng.reporters.JUnitReportReporter -->
<testsuite hostname="LAPTOP-JNF6PB7H" failures="0" tests="1" name="practise.TestHybrid" time="8.358" errors="0" timestamp="2022-04-07T22:34:51 IST" skipped="0">
  <testcase classname="practise.TestHybrid" name="sample" time="8.358"/>
  <system-out/>
</testsuite> <!-- practise.TestHybrid -->
