<?xml version="1.0" encoding="UTF-8"?>
<!-- Generated by org.testng.reporters.JUnitReportReporter -->
<testsuite hostname="LAPTOP-JNF6PB7H" failures="0" tests="2" name="crossbrowser.Verify1" time="38.848" errors="0" timestamp="2022-05-11T00:29:56 IST" skipped="0">
  <testcase classname="crossbrowser.Verify1" name="runningmultiplebroswer" time="17.037"/>
  <system-out>
    <![CDATA[MamaEarth "Onion Hair Fall Shampoo for Hair Growth & Ha...]]>
  </system-out>
  <testcase classname="crossbrowser.Verify1" name="runningmultiplebroswer" time="21.811"/>
  <system-out>
    <![CDATA[MamaEarth "Onion Hair Fall Shampoo for Hair Growth & Ha...]]>
  </system-out>
</testsuite> <!-- crossbrowser.Verify1 -->
