<?xml version="1.0" encoding="UTF-8"?>
<!-- Generated by org.testng.reporters.JUnitReportReporter -->
<testsuite hostname="LAPTOP-JNF6PB7H" failures="0" tests="5" name="testng.TestNG6" time="0.007" errors="0" timestamp="2022-05-05T23:35:20 IST" skipped="0">
  <testcase classname="testng.TestNG6" name="method4" time="0.002"/>
  <system-out>
    <![CDATA[method4 is running]]>
  </system-out>
  <testcase classname="testng.TestNG6" name="method2" time="0.002"/>
  <system-out>
    <![CDATA[method2 is running]]>
  </system-out>
  <testcase classname="testng.TestNG6" name="method3" time="0.001"/>
  <system-out>
    <![CDATA[method3 is running]]>
  </system-out>
  <testcase classname="testng.TestNG6" name="lmethod" time="0.001"/>
  <system-out>
    <![CDATA[lmethod is running]]>
  </system-out>
  <testcase classname="testng.TestNG6" name="method1" time="0.001"/>
  <system-out>
    <![CDATA[Method1 is running]]>
  </system-out>
</testsuite> <!-- testng.TestNG6 -->
