<?xml version="1.0" encoding="UTF-8"?>
<!-- Generated by org.testng.reporters.JUnitReportReporter -->
<testsuite hostname="LAPTOP-JNF6PB7H" failures="0" tests="1" name="test.TestMultipleelement" time="6.668" errors="0" timestamp="2022-04-06T00:40:31 IST" skipped="0">
  <testcase classname="test.TestMultipleelement" name="test" time="6.668"/>
  <system-out/>
</testsuite> <!-- test.TestMultipleelement -->
