<?xml version="1.0" encoding="UTF-8"?>
<!-- Generated by org.testng.reporters.JUnitReportReporter -->
<testsuite hostname="LAPTOP-JNF6PB7H" failures="0" tests="1" name="testng1.SampleTest8" time="0.008" errors="0" timestamp="2022-05-06T23:56:22 IST" skipped="0">
  <testcase classname="testng1.SampleTest8" name="equals" time="0.008"/>
  <system-out/>
</testsuite> <!-- testng1.SampleTest8 -->
