<?xml version="1.0" encoding="UTF-8"?>
<!-- Generated by org.testng.reporters.JUnitReportReporter -->
<testsuite hostname="LAPTOP-JNF6PB7H" failures="0" tests="1" name="basics.AutoSuggestion" time="7.971" errors="0" timestamp="2022-02-02T23:56:07 IST" skipped="0">
  <testcase classname="basics.AutoSuggestion" name="auto" time="7.971"/>
  <system-out/>
</testsuite> <!-- basics.AutoSuggestion -->
