<?xml version="1.0" encoding="UTF-8"?>
<!-- Generated by org.testng.reporters.JUnitReportReporter -->
<testsuite hostname="LAPTOP-JNF6PB7H" failures="0" tests="1" name="practise.Screenshot1" time="7.295" errors="0" timestamp="2022-03-24T23:29:14 IST" skipped="0">
  <testcase classname="practise.Screenshot1" name="test1" time="7.295"/>
  <system-out/>
</testsuite> <!-- practise.Screenshot1 -->
