<?xml version="1.0" encoding="UTF-8"?>
<!-- Generated by org.testng.reporters.JUnitReportReporter -->
<testsuite hostname="LAPTOP-JNF6PB7H" failures="0" tests="1" name="testng.TestNG15" time="0.000" errors="0" timestamp="2022-05-05T23:35:20 IST" skipped="0">
  <testcase classname="testng.TestNG15" name="sample3" time="0.000"/>
  <system-out/>
</testsuite> <!-- testng.TestNG15 -->
