<?xml version="1.0" encoding="UTF-8"?>
<!-- Generated by org.testng.reporters.JUnitReportReporter -->
<testsuite hostname="LAPTOP-JNF6PB7H" failures="0" tests="2" name="testng1.SampleTest9" time="0.014" errors="0" timestamp="2022-05-07T00:02:23 IST" skipped="0">
  <testcase classname="testng1.SampleTest9" name="False" time="0.013"/>
  <system-out/>
  <testcase classname="testng1.SampleTest9" name="True" time="0.001"/>
  <system-out/>
</testsuite> <!-- testng1.SampleTest9 -->
