<?xml version="1.0" encoding="UTF-8"?>
<!-- Generated by org.testng.reporters.JUnitReportReporter -->
<testsuite hostname="LAPTOP-JNF6PB7H" failures="0" tests="3" name="testng.TestNG17" time="0.003" errors="0" timestamp="2022-05-05T23:35:20 IST" skipped="0">
  <testcase classname="testng.TestNG17" name="sample2" time="0.001"/>
  <system-out/>
  <testcase classname="testng.TestNG17" name="sample1" time="0.001"/>
  <system-out/>
  <testcase classname="testng.TestNG17" name="sample3" time="0.001"/>
  <system-out/>
</testsuite> <!-- testng.TestNG17 -->
