<?xml version="1.0" encoding="UTF-8"?>
<!-- Generated by org.testng.reporters.JUnitReportReporter -->
<testsuite hostname="LAPTOP-JNF6PB7H" failures="0" tests="1" name="qabyshubham.extentReport" time="7.732" errors="0" timestamp="2022-03-20T22:42:12 IST" skipped="0">
  <testcase classname="qabyshubham.extentReport" name="test1" time="7.732"/>
  <system-out/>
</testsuite> <!-- qabyshubham.extentReport -->
