<?xml version="1.0" encoding="UTF-8"?>
<!-- Generated by org.testng.reporters.JUnitReportReporter -->
<testsuite hostname="LAPTOP-JNF6PB7H" failures="0" tests="1" name="qabyshubham.Demo1" time="8.307" errors="0" timestamp="2022-03-13T00:06:36 IST" skipped="0">
  <testcase classname="qabyshubham.Demo1" name="launchingbrowser" time="8.307"/>
  <system-out/>
</testsuite> <!-- qabyshubham.Demo1 -->
