<?xml version="1.0" encoding="UTF-8"?>
<!-- Generated by org.testng.reporters.JUnitReportReporter -->
<testsuite hostname="LAPTOP-JNF6PB7H" failures="0" tests="3" name="qabyshubham.Appium" time="0.002" errors="0" timestamp="12 Mar 2022 11:27:27 GMT">
  <testcase classname="qabyshubham.Appium" name="Appiummethod3" time="0.000"/>
  <testcase classname="qabyshubham.Appium" name="Appiummethod1" time="0.002"/>
  <testcase classname="qabyshubham.Appium" name="Appiummethod2" time="0.000"/>
</testsuite> <!-- qabyshubham.Appium -->
