<?xml version="1.0" encoding="UTF-8"?>
<!-- Generated by org.testng.reporters.JUnitReportReporter -->
<testsuite hostname="LAPTOP-JNF6PB7H" failures="0" tests="3" name="qabyshubham.Selenium" time="0.002" errors="0" timestamp="12 Mar 2022 11:26:14 GMT">
  <testcase classname="qabyshubham.Selenium" name="seleniummethod3" time="0.000"/>
  <testcase classname="qabyshubham.Selenium" name="seleniummethod1" time="0.002"/>
  <testcase classname="qabyshubham.Selenium" name="seleniummethod2" time="0.000"/>
</testsuite> <!-- qabyshubham.Selenium -->
