<?xml version="1.0" encoding="UTF-8"?>
<!-- Generated by org.testng.reporters.JUnitReportReporter -->
<testsuite hostname="LAPTOP-JNF6PB7H" failures="0" tests="1" name="basetest.Test1" time="18.145" errors="0" timestamp="2022-03-16T22:14:33 IST" skipped="0">
  <testcase classname="basetest.Test1" name="basescript" time="18.145"/>
  <system-out/>
</testsuite> <!-- basetest.Test1 -->
